Network:        mainnet
ParaTime:       emerald
Round:          5850612
Version:        0
Namespace:      000000000000000000000000000000000000000000000000e2eaa99fc008f87f
Timestamp:      2023-05-29T11:21:20Z
Type:           1
Previous:       3e91bd4fc60d8a2cc03dc50c87ff532bef5703fedc35bba8aed4d8980526bb51
I/O root:       d16db82426c93e2671b8fbe74db56d17fbc88800e93490dd0a6feae11d35a9a8
State root:     2c1bc5c89c59bee77511e7a58e7494bb815ab73bb63333da1c15d171e48b79b8
Messages (out): c672b8d1ef56ed28ab87c3622c5114069bdd3ad7b8f9737498d0c01ecef0967a
Messages (in):  c672b8d1ef56ed28ab87c3622c5114069bdd3ad7b8f9737498d0c01ecef0967a
Transactions:   1

=== Transaction 0 ===
Kind:      evm.ethereum.v0
Hash:      4fc2907da5f73599519ed120916b7a9073a433b23b7ae65747e24fe75ebba832
Eth hash:  0x9cc12c960004b724356000d1d9af0ca3a092951d759590748a98431eb49c8d10
Chain ID:  42262
Nonce:     1976
Type:      0
To:        0x47DAcE3BDcc877f77fB92925ea55e25c792Bf265
Value:     0
Gas limit: 900000
Gas price: 100000000000
Data:
  2ee6f87400000000000000000000000000000000000000000000000000000000000000400000000000000000000000000000000000000000000000000000000000000100000000000000000000000000000000000000000000000000000000000000008d03941494a56164ea04d79f9867dddb0dd754a625cc21085e9307a7ec5206ca17db95be9eba7c71362e238396d4d01ba5621e66894a0228f6b3651f15660000008606060000000000066a7c4e95a979400021c718c22d52d0f3a789b752d4c2fd5908a8a733f02b3e437304892105992512539f769423a515cba1e73c01e0cf7930f5e91cb291031739fe5ad6c20000000000000000000000000000000000000000000000000000000000000000000000000000000000000000000000000000040000000000000000000000000000000000000000000000000000000000000000000000000000000000000000000000000000000000000000000000000000000000000000000000000000000000000000000000000000000000000000000000000000000000000000000000000000000000000000000000000000000000000000

=== Result of transaction 0 ===
Status: ok
Data:
  "0000000000000000000000000000000000000000000000000000000000000000"

=== Events emitted by transaction 0 ===
Events: 1

  --- Event 0 ---
  Module: core
  Code:   1
  Data:
    [
      {
        "amount": 48219
      }
    ]

