[
  {
    "code": 1,
    "data": "gaNidG9VAGIz3RCYb9ltIk8706by6j2XkXGmZGZyb21VAJZQKbOBY+XnA5YUaDhZkNc3y+nsZmFtb3VudIJHCxBZMMJwAEA=",
    "module": "accounts",
    "parsed": [
      {
        "Transfer": {
          "from": "oasis1qzt9q2dns937tecrjc2xswzejrtn0jlfas40j7sz",
          "to": "oasis1qp3r8hgsnphajmfzfuaa8fhjag7e0yt35cjxq0u4",
          "amount": {
            "Amount": "3114200000000000",
            "Denomination": ""
          }
        },
        "Burn": null,
        "Mint": null
      }
    ],
    "tx_hash": "c586f05e2103adb953d2287ef22dad0532540bd02481184b5477ba8c38894e62"
  },
  {
    "code": 1,
    "data": "gqNidG9VAIyCi8jiQIOmvod+yJYxN0GhktyEZGZyb21VACg9qHdJLY0x3unzFR/SHF3dLD+oZmFtb3VudIJIAWNFeMTiZV9Ao2J0b1UAYjPdEJhv2W0iTzvTpvLqPZeRcaZkZnJvbVUAKD2od0ktjTHe6fMVH9IcXd0sP6hmYW1vdW50gkcH3eTk7RgAQA==",
    "module": "accounts",
    "parsed": [
      {
        "Transfer": {
          "from": "oasis1qq5rm2rhfykc6vw7a8e3287jr3wa6tpl4qv49gzh",
          "to": "oasis1qzxg9z7gufqg8f47salv3933xaq6rykusslsq4k7",
          "amount": {
            "Amount": "100000001733846367",
            "Denomination": ""
          }
        },
        "Burn": null,
        "Mint": null
      },
      {
        "Transfer": {
          "from": "oasis1qq5rm2rhfykc6vw7a8e3287jr3wa6tpl4qv49gzh",
          "to": "oasis1qp3r8hgsnphajmfzfuaa8fhjag7e0yt35cjxq0u4",
          "amount": {
            "Amount": "2214300000000000",
            "Denomination": ""
          }
        },
        "Burn": null,
        "Mint": null
      }
    ],
    "tx_hash": "de7e52e94f4614ec0b0de47971abc12d5070278e9401c2466ec5664a71bdc57d"
  },
  {
    "code": 1,
    "data": "gaFmYW1vdW50GXmm",
    "module": "core",
    "parsed": [
      {
        "GasUsed": {
          "amount": 31142
        }
      }
    ],
    "tx_hash": "c586f05e2103adb953d2287ef22dad0532540bd02481184b5477ba8c38894e62"
  },
  {
    "code": 1,
    "data": "gaFmYW1vdW50GVZ/",
    "module": "core",
    "parsed": [
      {
        "GasUsed": {
          "amount": 22143
        }
      }
    ],
    "tx_hash": "de7e52e94f4614ec0b0de47971abc12d5070278e9401c2466ec5664a71bdc57d"
  }
]
